[2022/06/19 14:14:10] root INFO: 

[2022/06/19 14:14:10] root INFO: ---------------------- Env info ----------------------
[2022/06/19 14:14:10] root INFO:  OS_version: Ubuntu 16.04
[2022/06/19 14:14:10] root INFO:  CUDA_version: 10.2.89
[2022/06/19 14:14:10] root INFO:  CUDNN_version: 7.6.5
[2022/06/19 14:14:10] root INFO:  drivier_version: 515.43.04
[2022/06/19 14:14:10] root INFO: ---------------------- Paddle info ----------------------
[2022/06/19 14:14:10] root INFO:  paddle_version: 2.2.2
[2022/06/19 14:14:10] root INFO:  paddle_commit: b031c389938bfa15e15bb20494c76f86289d77b0
[2022/06/19 14:14:10] root INFO:  log_api_version: 1.0
[2022/06/19 14:14:10] root INFO: ----------------------- Conf info -----------------------
[2022/06/19 14:14:10] root INFO:  runtime_device: gpu
[2022/06/19 14:14:10] root INFO:  ir_optim: True
[2022/06/19 14:14:10] root INFO:  enable_memory_optim: True
[2022/06/19 14:14:10] root INFO:  enable_tensorrt: False
[2022/06/19 14:14:10] root INFO:  enable_mkldnn: False
[2022/06/19 14:14:10] root INFO:  cpu_math_library_num_threads: 0
[2022/06/19 14:14:10] root INFO: ----------------------- Model info ----------------------
[2022/06/19 14:14:10] root INFO:  model_name: cls
[2022/06/19 14:14:10] root INFO:  precision: fp32
[2022/06/19 14:14:10] root INFO: ----------------------- Data info -----------------------
[2022/06/19 14:14:10] root INFO:  batch_size: 1
[2022/06/19 14:14:10] root INFO:  input_shape: [3, 224, 224]
[2022/06/19 14:14:10] root INFO:  data_num: 400
[2022/06/19 14:14:10] root INFO: ----------------------- Perf info -----------------------
[2022/06/19 14:14:10] root INFO:  cpu_rss(MB): 3568.7656, gpu_rss(MB): None, gpu_util: None%
[2022/06/19 14:14:10] root INFO:  total time spent(s): 7.6879
[2022/06/19 14:14:10] root INFO:  preprocess_time(ms): 2.6772, inference_time(ms): 16.5309, postprocess_time(ms): 0.1082
